2025-06-15 15:38:04,982 | INFO | üü¢ MATIC bot started.
2025-06-15 15:38:05,115 | ERROR | ‚ùå Exception: KeyError - 'high'
2025-06-15 15:38:05,120 | ERROR | Traceback (most recent call last):
  File "/Users/benjamin/Desktop/bencryptobot/crypto-trading-bot/venv/lib/python3.12/site-packages/pandas/core/indexes/base.py", line 3805, in get_loc
    return self._engine.get_loc(casted_key)
           ^^^^^^^^^^^^^^^^^^^^^^^^^^^^^^^^
  File "index.pyx", line 167, in pandas._libs.index.IndexEngine.get_loc
  File "index.pyx", line 196, in pandas._libs.index.IndexEngine.get_loc
  File "pandas/_libs/hashtable_class_helper.pxi", line 7081, in pandas._libs.hashtable.PyObjectHashTable.get_item
  File "pandas/_libs/hashtable_class_helper.pxi", line 7089, in pandas._libs.hashtable.PyObjectHashTable.get_item
KeyError: 'high'

The above exception was the direct cause of the following exception:

Traceback (most recent call last):
  File "/Users/benjamin/Desktop/bencryptobot/cloud/matic_bot.py", line 58, in run_matic_bot
    buy_signal, sell_signal, price = matic_strategy(df)
                                     ^^^^^^^^^^^^^^^^^^
  File "/Users/benjamin/Desktop/bencryptobot/cloud/strategiesLive.py", line 155, in matic_strategy
    df['atr'] = calculate_atr(df, 14)
                ^^^^^^^^^^^^^^^^^^^^^
  File "/Users/benjamin/Desktop/bencryptobot/cloud/strategiesLive.py", line 404, in calculate_atr
    high_low = df['high'] - df['low']
               ~~^^^^^^^^
  File "/Users/benjamin/Desktop/bencryptobot/crypto-trading-bot/venv/lib/python3.12/site-packages/pandas/core/frame.py", line 4102, in __getitem__
    indexer = self.columns.get_loc(key)
              ^^^^^^^^^^^^^^^^^^^^^^^^^
  File "/Users/benjamin/Desktop/bencryptobot/crypto-trading-bot/venv/lib/python3.12/site-packages/pandas/core/indexes/base.py", line 3812, in get_loc
    raise KeyError(key) from err
KeyError: 'high'

2025-06-15 15:41:45,552 | INFO | üü¢ MATIC bot started.
2025-06-15 15:41:45,664 | INFO | No action taken.
2025-06-15 15:41:53,805 | INFO | üü¢ MATIC bot started.
2025-06-15 15:41:53,956 | INFO | No action taken.
2025-06-15 15:42:01,582 | INFO | üü¢ MATIC bot started.
2025-06-15 15:42:01,728 | INFO | No action taken.
2025-06-15 15:42:09,874 | INFO | üü¢ MATIC bot started.
2025-06-15 15:42:09,994 | INFO | No action taken.
2025-06-15 15:43:10,771 | INFO | üü¢ MATIC bot started.
2025-06-15 15:43:10,890 | INFO | No action taken.
